<?xml version="1.0" encoding="UTF-8"?>
<!-- Generated by org.testng.reporters.JUnitXMLReporter -->
<testsuite hostname="LAPTOP-7TPHC85O" ignored="2" name="Test" tests="1" failures="0" timestamp="28 Jun 2020 07:32:40 GMT" time="49.248" errors="0">
  <testcase name="facebookTest" time="18.552" classname="pom.test.FBLoginTest"/>
  <testcase name="@BeforeTest setup" time="0.0" classname="pom.test.BaseTest">
    <ignored/>
  </testcase> <!-- @BeforeTest setup -->
  <testcase name="@AfterTest tearDown" time="0.0" classname="pom.test.BaseTest">
    <ignored/>
  </testcase> <!-- @AfterTest tearDown -->
</testsuite> <!-- Test -->
