<?xml version="1.0" encoding="UTF-8"?>
<testng-results skipped="0" failed="0" ignored="2" total="3" passed="1">
  <reporter-output>
  </reporter-output>
  <suite name="Naukri_Suite" duration-ms="49248" started-at="2020-06-28T07:31:50Z" finished-at="2020-06-28T07:32:40Z">
    <groups>
    </groups>
    <test name="Test" duration-ms="49248" started-at="2020-06-28T07:31:50Z" finished-at="2020-06-28T07:32:40Z">
      <class name="pom.test.FBLoginTest">
        <test-method status="PASS" signature="setup()[pri:0, instance:pom.test.FBLoginTest@4c70fda8]" name="setup" is-config="true" duration-ms="21576" started-at="2020-06-28T07:31:50Z" finished-at="2020-06-28T07:32:12Z">
          <reporter-output>
          </reporter-output>
        </test-method> <!-- setup -->
        <test-method status="PASS" signature="facebookTest()[pri:0, instance:pom.test.FBLoginTest@4c70fda8]" name="facebookTest" duration-ms="18552" started-at="2020-06-28T07:32:12Z" finished-at="2020-06-28T07:32:31Z">
          <reporter-output>
          </reporter-output>
        </test-method> <!-- facebookTest -->
        <test-method status="PASS" signature="tearDown()[pri:0, instance:pom.test.FBLoginTest@4c70fda8]" name="tearDown" is-config="true" duration-ms="9090" started-at="2020-06-28T07:32:31Z" finished-at="2020-06-28T07:32:40Z">
          <reporter-output>
          </reporter-output>
        </test-method> <!-- tearDown -->
      </class> <!-- pom.test.FBLoginTest -->
    </test> <!-- Test -->
  </suite> <!-- Naukri_Suite -->
</testng-results>
